<?xml version="1.0" encoding="UTF-8"?>
<testng-results skipped="0" failed="0" ignored="0" total="1" passed="1">
  <reporter-output>
  </reporter-output>
  <suite name="Default suite" duration-ms="7560" started-at="2019-12-10T17:29:23Z" finished-at="2019-12-10T17:29:31Z">
    <groups>
    </groups>
    <test name="Default test" duration-ms="7560" started-at="2019-12-10T17:29:23Z" finished-at="2019-12-10T17:29:31Z">
      <class name="restAssuredAPITest.DELETE_Request">
        <test-method status="PASS" signature="deleteEmpRecord()[pri:0, instance:restAssuredAPITest.DELETE_Request@7dd611c8]" name="deleteEmpRecord" duration-ms="7440" started-at="2019-12-10T17:29:24Z" finished-at="2019-12-10T17:29:31Z">
          <reporter-output>
          </reporter-output>
        </test-method> <!-- deleteEmpRecord -->
      </class> <!-- restAssuredAPITest.DELETE_Request -->
    </test> <!-- Default test -->
  </suite> <!-- Default suite -->
</testng-results>
